<?xml version="1.0" encoding="UTF-8"?>
<testsuite xmlns:xsi="http://www.w3.org/2001/XMLSchema-instance" xsi:noNamespaceSchemaLocation="https://maven.apache.org/surefire/maven-surefire-plugin/xsd/surefire-test-report-3.0.xsd" version="3.0" name="br.com.musica.test.CursoMusicaAPITest" time="0.256" tests="33" errors="0" skipped="0" failures="0">
  <properties>
[...]
</properties>
  <testcase name="testDuracoesValidas(int)[1]" classname="br.com.musica.test.CursoMusicaAPITest" time="0.088"/>
  <testcase name="testDuracoesValidas(int)[2]" classname="br.com.musica.test.CursoMusicaAPITest" time="0.001"/>
  <testcase name="testDuracoesValidas(int)[3]" classname="br.com.musica.test.CursoMusicaAPITest" time="0.001"/>
  <testcase name="testDuracoesValidas(int)[4]" classname="br.com.musica.test.CursoMusicaAPITest" time="0.002"/>
  <testcase name="testSetDuracaoCurso" classname="br.com.musica.test.CursoMusicaAPITest" time="0.003"/>
  <testcase name="testProvaFinalIndisponivel" classname="br.com.musica.test.CursoMusicaAPITest" time="0.006">
    <system-out><![CDATA[Avaliação não disponível: O curso não completou 75% da carga ou não possui alunos suficientes.
]]></system-out>
  </testcase>
  <testcase name="testNumeroAlunosZero" classname="br.com.musica.test.CursoMusicaAPITest" time="0.003"/>
  <testcase name="testSetNomeCurso" classname="br.com.musica.test.CursoMusicaAPITest" time="0.001"/>
  <testcase name="testNaoPodeRealizarProva" classname="br.com.musica.test.CursoMusicaAPITest" time="0.002"/>
  <testcase name="testPodeRealizarProvaComMinAlunos" classname="br.com.musica.test.CursoMusicaAPITest" time="0.001"/>
  <testcase name="testIniciarEncerrarCurso" classname="br.com.musica.test.CursoMusicaAPITest" time="0.003"/>
  <testcase name="testProvaFinalComMinAlunosSatisfeito" classname="br.com.musica.test.CursoMusicaAPITest" time="0.004">
    <system-out><![CDATA[Avaliação final executada.
]]></system-out>
  </testcase>
  <testcase name="testCriarCursoBateriaValido" classname="br.com.musica.test.CursoMusicaAPITest" time="0.002"/>
  <testcase name="testProfessorVazio" classname="br.com.musica.test.CursoMusicaAPITest" time="0.001"/>
  <testcase name="testDuracaoMuitoAlta" classname="br.com.musica.test.CursoMusicaAPITest" time="0.002"/>
  <testcase name="testProfessorNulo" classname="br.com.musica.test.CursoMusicaAPITest" time="0.001"/>
  <testcase name="testUmAluno" classname="br.com.musica.test.CursoMusicaAPITest" time="0.001"/>
  <testcase name="testProvaFinalComPercentualAlto" classname="br.com.musica.test.CursoMusicaAPITest" time="0.001"/>
  <testcase name="testDuracaoMuitoBaixa" classname="br.com.musica.test.CursoMusicaAPITest" time="0.002"/>
  <testcase name="testCursoDesconhecido" classname="br.com.musica.test.CursoMusicaAPITest" time="0.001"/>
  <testcase name="testCriarCursoPianoValido" classname="br.com.musica.test.CursoMusicaAPITest" time="0.002"/>
  <testcase name="testCriarCursoGuitarraValido" classname="br.com.musica.test.CursoMusicaAPITest" time="0.002"/>
  <testcase name="testSetProfessorCurso" classname="br.com.musica.test.CursoMusicaAPITest" time="0.002"/>
  <testcase name="testPodeRealizarProvaComPercentualAlto" classname="br.com.musica.test.CursoMusicaAPITest" time="0.002"/>
  <testcase name="testEncerrarSemIniciar" classname="br.com.musica.test.CursoMusicaAPITest" time="0.002"/>
  <testcase name="testPercentualNaoNegativo" classname="br.com.musica.test.CursoMusicaAPITest" time="0.001"/>
  <testcase name="testCursoNulo" classname="br.com.musica.test.CursoMusicaAPITest" time="0.001"/>
  <testcase name="testNumeroAlunosNegativo" classname="br.com.musica.test.CursoMusicaAPITest" time="0.001"/>
  <testcase name="testProfessorSoEspacos" classname="br.com.musica.test.CursoMusicaAPITest" time="0.001"/>
  <testcase name="testPercentualMaximo" classname="br.com.musica.test.CursoMusicaAPITest" time="0.001"/>
  <testcase name="testPercentualValido" classname="br.com.musica.test.CursoMusicaAPITest" time="0.001"/>
  <testcase name="testSetNumeroAlunosCurso" classname="br.com.musica.test.CursoMusicaAPITest" time="0.001"/>
  <testcase name="testPercentualInicial" classname="br.com.musica.test.CursoMusicaAPITest" time="0.001"/>
</testsuite>